2022-06-20 17:35:24 [main] INFO  u.s.security01.Security01Application - Starting Security01Application using Java 17.0.1 on DESKTOP-M4VVRA4 with PID 8756 (D:\Development\Devs\spring-security\security01\target\classes started by Jaxongir in D:\Development\Devs\spring-security\security01)
2022-06-20 17:35:24 [main] INFO  u.s.security01.Security01Application - No active profile set, falling back to 1 default profile: "default"
2022-06-20 17:35:24 [main] INFO  o.s.b.w.e.tomcat.TomcatWebServer - Tomcat initialized with port(s): 8080 (http)
2022-06-20 17:35:25 [main] INFO  o.a.coyote.http11.Http11NioProtocol - Initializing ProtocolHandler ["http-nio-8080"]
2022-06-20 17:35:25 [main] INFO  o.a.catalina.core.StandardService - Starting service [Tomcat]
2022-06-20 17:35:25 [main] INFO  o.a.catalina.core.StandardEngine - Starting Servlet engine: [Apache Tomcat/9.0.63]
2022-06-20 17:35:25 [main] INFO  o.a.c.c.C.[Tomcat].[localhost].[/] - Initializing Spring embedded WebApplicationContext
2022-06-20 17:35:25 [main] INFO  o.s.b.w.s.c.ServletWebServerApplicationContext - Root WebApplicationContext: initialization completed in 822 ms
2022-06-20 17:35:25 [main] INFO  o.s.s.web.DefaultSecurityFilterChain - Will secure any request with [org.springframework.security.web.session.DisableEncodeUrlFilter@76536c53, org.springframework.security.web.context.request.async.WebAsyncManagerIntegrationFilter@38d08cb5, org.springframework.security.web.context.SecurityContextPersistenceFilter@4dd90166, org.springframework.security.web.header.HeaderWriterFilter@5f5827d0, org.springframework.security.web.authentication.logout.LogoutFilter@2ed71727, org.springframework.security.web.authentication.UsernamePasswordAuthenticationFilter@1ec22831, org.springframework.security.web.authentication.ui.DefaultLoginPageGeneratingFilter@59c04bee, org.springframework.security.web.authentication.ui.DefaultLogoutPageGeneratingFilter@363c32cc, org.springframework.security.web.savedrequest.RequestCacheAwareFilter@5ad1904f, org.springframework.security.web.servletapi.SecurityContextHolderAwareRequestFilter@4116f66a, org.springframework.security.web.authentication.AnonymousAuthenticationFilter@6f3f0ae, org.springframework.security.web.session.SessionManagementFilter@4337afd, org.springframework.security.web.access.ExceptionTranslationFilter@69909c14, org.springframework.security.web.access.intercept.FilterSecurityInterceptor@4c5a2baf]
2022-06-20 17:35:25 [main] INFO  o.s.b.a.w.s.WelcomePageHandlerMapping - Adding welcome page: class path resource [static/index.html]
2022-06-20 17:35:26 [main] INFO  o.a.coyote.http11.Http11NioProtocol - Starting ProtocolHandler ["http-nio-8080"]
2022-06-20 17:35:26 [main] INFO  o.s.b.w.e.tomcat.TomcatWebServer - Tomcat started on port(s): 8080 (http) with context path ''
2022-06-20 17:35:26 [main] INFO  u.s.security01.Security01Application - Started Security01Application in 2.178 seconds (JVM running for 2.805)
2022-06-20 17:38:35 [main] INFO  u.s.security01.Security01Application - Starting Security01Application using Java 17.0.1 on DESKTOP-M4VVRA4 with PID 652 (D:\Development\Devs\spring-security\security01\target\classes started by Jaxongir in D:\Development\Devs\spring-security\security01)
2022-06-20 17:38:35 [main] INFO  u.s.security01.Security01Application - No active profile set, falling back to 1 default profile: "default"
2022-06-20 17:38:36 [main] INFO  o.s.b.w.e.tomcat.TomcatWebServer - Tomcat initialized with port(s): 8080 (http)
2022-06-20 17:38:36 [main] INFO  o.a.coyote.http11.Http11NioProtocol - Initializing ProtocolHandler ["http-nio-8080"]
2022-06-20 17:38:36 [main] INFO  o.a.catalina.core.StandardService - Starting service [Tomcat]
2022-06-20 17:38:36 [main] INFO  o.a.catalina.core.StandardEngine - Starting Servlet engine: [Apache Tomcat/9.0.63]
2022-06-20 17:38:36 [main] INFO  o.a.c.c.C.[Tomcat].[localhost].[/] - Initializing Spring embedded WebApplicationContext
2022-06-20 17:38:36 [main] INFO  o.s.b.w.s.c.ServletWebServerApplicationContext - Root WebApplicationContext: initialization completed in 822 ms
2022-06-20 17:38:36 [main] INFO  o.s.s.web.DefaultSecurityFilterChain - Will secure any request with [org.springframework.security.web.session.DisableEncodeUrlFilter@4373f66f, org.springframework.security.web.context.request.async.WebAsyncManagerIntegrationFilter@399ca607, org.springframework.security.web.context.SecurityContextPersistenceFilter@5f5827d0, org.springframework.security.web.header.HeaderWriterFilter@294aba23, org.springframework.security.web.authentication.logout.LogoutFilter@2eda072, org.springframework.security.web.authentication.UsernamePasswordAuthenticationFilter@4087c7fc, org.springframework.security.web.authentication.ui.DefaultLoginPageGeneratingFilter@4ed5a1b0, org.springframework.security.web.authentication.ui.DefaultLogoutPageGeneratingFilter@44114b9f, org.springframework.security.web.savedrequest.RequestCacheAwareFilter@4337afd, org.springframework.security.web.servletapi.SecurityContextHolderAwareRequestFilter@f438904, org.springframework.security.web.authentication.AnonymousAuthenticationFilter@76bf1bb8, org.springframework.security.web.session.SessionManagementFilter@5d3b58ca, org.springframework.security.web.access.ExceptionTranslationFilter@7237f3c1, org.springframework.security.web.access.intercept.FilterSecurityInterceptor@7df28f1]
2022-06-20 17:38:36 [main] INFO  o.s.b.a.w.s.WelcomePageHandlerMapping - Adding welcome page: class path resource [static/index.html]
2022-06-20 17:38:37 [main] INFO  o.a.coyote.http11.Http11NioProtocol - Starting ProtocolHandler ["http-nio-8080"]
2022-06-20 17:38:37 [main] INFO  o.s.b.w.e.tomcat.TomcatWebServer - Tomcat started on port(s): 8080 (http) with context path ''
2022-06-20 17:38:37 [main] INFO  u.s.security01.Security01Application - Started Security01Application in 2.262 seconds (JVM running for 3.436)
2022-06-20 17:39:22 [main] INFO  u.s.security01.Security01Application - Starting Security01Application using Java 17.0.1 on DESKTOP-M4VVRA4 with PID 4060 (D:\Development\Devs\spring-security\security01\target\classes started by Jaxongir in D:\Development\Devs\spring-security\security01)
2022-06-20 17:39:22 [main] INFO  u.s.security01.Security01Application - No active profile set, falling back to 1 default profile: "default"
2022-06-20 17:39:23 [main] INFO  o.s.b.w.e.tomcat.TomcatWebServer - Tomcat initialized with port(s): 8080 (http)
2022-06-20 17:39:23 [main] INFO  o.a.coyote.http11.Http11NioProtocol - Initializing ProtocolHandler ["http-nio-8080"]
2022-06-20 17:39:23 [main] INFO  o.a.catalina.core.StandardService - Starting service [Tomcat]
2022-06-20 17:39:23 [main] INFO  o.a.catalina.core.StandardEngine - Starting Servlet engine: [Apache Tomcat/9.0.63]
2022-06-20 17:39:23 [main] INFO  o.a.c.c.C.[Tomcat].[localhost].[/] - Initializing Spring embedded WebApplicationContext
2022-06-20 17:39:23 [main] INFO  o.s.b.w.s.c.ServletWebServerApplicationContext - Root WebApplicationContext: initialization completed in 796 ms
2022-06-20 17:39:24 [main] INFO  o.s.s.web.DefaultSecurityFilterChain - Will secure any request with [org.springframework.security.web.session.DisableEncodeUrlFilter@69aa7d76, org.springframework.security.web.context.request.async.WebAsyncManagerIntegrationFilter@33f17289, org.springframework.security.web.context.SecurityContextPersistenceFilter@59c04bee, org.springframework.security.web.header.HeaderWriterFilter@4ed5a1b0, org.springframework.security.web.authentication.logout.LogoutFilter@57e388c3, org.springframework.security.web.authentication.UsernamePasswordAuthenticationFilter@76536c53, org.springframework.security.web.savedrequest.RequestCacheAwareFilter@f2a1813, org.springframework.security.web.servletapi.SecurityContextHolderAwareRequestFilter@3b83459e, org.springframework.security.web.authentication.AnonymousAuthenticationFilter@f1266c6, org.springframework.security.web.session.SessionManagementFilter@3135bf25, org.springframework.security.web.access.ExceptionTranslationFilter@52227eb2, org.springframework.security.web.access.intercept.FilterSecurityInterceptor@2a235b8e]
2022-06-20 17:39:24 [main] INFO  o.s.b.a.w.s.WelcomePageHandlerMapping - Adding welcome page: class path resource [static/index.html]
2022-06-20 17:39:24 [main] INFO  o.a.coyote.http11.Http11NioProtocol - Starting ProtocolHandler ["http-nio-8080"]
2022-06-20 17:39:24 [main] INFO  o.s.b.w.e.tomcat.TomcatWebServer - Tomcat started on port(s): 8080 (http) with context path ''
2022-06-20 17:39:24 [main] INFO  u.s.security01.Security01Application - Started Security01Application in 2.153 seconds (JVM running for 3.088)
2022-06-20 17:39:30 [http-nio-8080-exec-2] INFO  o.a.c.c.C.[Tomcat].[localhost].[/] - Initializing Spring DispatcherServlet 'dispatcherServlet'
2022-06-20 17:39:30 [http-nio-8080-exec-2] INFO  o.s.web.servlet.DispatcherServlet - Initializing Servlet 'dispatcherServlet'
2022-06-20 17:39:30 [http-nio-8080-exec-2] INFO  o.s.web.servlet.DispatcherServlet - Completed initialization in 1 ms
2022-06-20 17:42:21 [main] INFO  u.s.security01.Security01Application - Starting Security01Application using Java 17.0.1 on DESKTOP-M4VVRA4 with PID 2180 (D:\Development\Devs\spring-security\security01\target\classes started by Jaxongir in D:\Development\Devs\spring-security\security01)
2022-06-20 17:42:21 [main] INFO  u.s.security01.Security01Application - No active profile set, falling back to 1 default profile: "default"
2022-06-20 17:42:22 [main] INFO  o.s.b.w.e.tomcat.TomcatWebServer - Tomcat initialized with port(s): 8080 (http)
2022-06-20 17:42:22 [main] INFO  o.a.coyote.http11.Http11NioProtocol - Initializing ProtocolHandler ["http-nio-8080"]
2022-06-20 17:42:22 [main] INFO  o.a.catalina.core.StandardService - Starting service [Tomcat]
2022-06-20 17:42:22 [main] INFO  o.a.catalina.core.StandardEngine - Starting Servlet engine: [Apache Tomcat/9.0.63]
2022-06-20 17:42:22 [main] INFO  o.a.c.c.C.[Tomcat].[localhost].[/] - Initializing Spring embedded WebApplicationContext
2022-06-20 17:42:22 [main] INFO  o.s.b.w.s.c.ServletWebServerApplicationContext - Root WebApplicationContext: initialization completed in 796 ms
2022-06-20 17:42:22 [main] INFO  o.s.s.web.DefaultSecurityFilterChain - Will secure any request with [org.springframework.security.web.session.DisableEncodeUrlFilter@ab24484, org.springframework.security.web.context.request.async.WebAsyncManagerIntegrationFilter@54e43bfe, org.springframework.security.web.context.SecurityContextPersistenceFilter@723877dd, org.springframework.security.web.header.HeaderWriterFilter@4fb56bea, org.springframework.security.web.authentication.logout.LogoutFilter@51a651c1, org.springframework.security.web.authentication.UsernamePasswordAuthenticationFilter@1e7f19b4, org.springframework.security.web.savedrequest.RequestCacheAwareFilter@56cc9f29, org.springframework.security.web.servletapi.SecurityContextHolderAwareRequestFilter@2da99821, org.springframework.security.web.authentication.AnonymousAuthenticationFilter@106b014e, org.springframework.security.web.session.SessionManagementFilter@1f95881a, org.springframework.security.web.access.ExceptionTranslationFilter@6c8f60f3, org.springframework.security.web.access.intercept.FilterSecurityInterceptor@1624775]
2022-06-20 17:42:22 [main] INFO  o.s.b.a.w.s.WelcomePageHandlerMapping - Adding welcome page: class path resource [static/index.html]
2022-06-20 17:42:23 [main] INFO  o.a.coyote.http11.Http11NioProtocol - Starting ProtocolHandler ["http-nio-8080"]
2022-06-20 17:42:23 [main] INFO  o.s.b.w.e.tomcat.TomcatWebServer - Tomcat started on port(s): 8080 (http) with context path ''
2022-06-20 17:42:23 [main] INFO  u.s.security01.Security01Application - Started Security01Application in 2.193 seconds (JVM running for 2.795)
2022-06-20 17:42:40 [main] INFO  u.s.security01.Security01Application - Starting Security01Application using Java 17.0.1 on DESKTOP-M4VVRA4 with PID 10888 (D:\Development\Devs\spring-security\security01\target\classes started by Jaxongir in D:\Development\Devs\spring-security\security01)
2022-06-20 17:42:40 [main] INFO  u.s.security01.Security01Application - No active profile set, falling back to 1 default profile: "default"
2022-06-20 17:42:41 [main] INFO  o.s.b.w.e.tomcat.TomcatWebServer - Tomcat initialized with port(s): 8080 (http)
2022-06-20 17:42:41 [main] INFO  o.a.coyote.http11.Http11NioProtocol - Initializing ProtocolHandler ["http-nio-8080"]
2022-06-20 17:42:41 [main] INFO  o.a.catalina.core.StandardService - Starting service [Tomcat]
2022-06-20 17:42:41 [main] INFO  o.a.catalina.core.StandardEngine - Starting Servlet engine: [Apache Tomcat/9.0.63]
2022-06-20 17:42:41 [main] INFO  o.a.c.c.C.[Tomcat].[localhost].[/] - Initializing Spring embedded WebApplicationContext
2022-06-20 17:42:41 [main] INFO  o.s.b.w.s.c.ServletWebServerApplicationContext - Root WebApplicationContext: initialization completed in 892 ms
2022-06-20 17:42:41 [main] INFO  o.s.s.web.DefaultSecurityFilterChain - Will secure any request with [org.springframework.security.web.session.DisableEncodeUrlFilter@2fbe26da, org.springframework.security.web.context.request.async.WebAsyncManagerIntegrationFilter@4ed15347, org.springframework.security.web.context.SecurityContextPersistenceFilter@1f95881a, org.springframework.security.web.header.HeaderWriterFilter@56c8e6f0, org.springframework.security.web.authentication.logout.LogoutFilter@220c9a63, org.springframework.security.web.authentication.UsernamePasswordAuthenticationFilter@10e5bf9c, org.springframework.security.web.savedrequest.RequestCacheAwareFilter@733ec58b, org.springframework.security.web.servletapi.SecurityContextHolderAwareRequestFilter@66a53104, org.springframework.security.web.authentication.AnonymousAuthenticationFilter@6963b88c, org.springframework.security.web.session.SessionManagementFilter@58aa10f4, org.springframework.security.web.access.ExceptionTranslationFilter@6ccac6f4, org.springframework.security.web.access.intercept.FilterSecurityInterceptor@252744a1]
2022-06-20 17:42:41 [main] INFO  o.s.b.a.w.s.WelcomePageHandlerMapping - Adding welcome page: class path resource [static/index.html]
2022-06-20 17:42:42 [main] INFO  o.a.coyote.http11.Http11NioProtocol - Starting ProtocolHandler ["http-nio-8080"]
2022-06-20 17:42:42 [main] INFO  o.s.b.w.e.tomcat.TomcatWebServer - Tomcat started on port(s): 8080 (http) with context path ''
2022-06-20 17:42:42 [main] INFO  u.s.security01.Security01Application - Started Security01Application in 2.37 seconds (JVM running for 3.198)
2022-06-20 17:44:23 [http-nio-8080-exec-1] INFO  o.a.c.c.C.[Tomcat].[localhost].[/] - Initializing Spring DispatcherServlet 'dispatcherServlet'
2022-06-20 17:44:23 [http-nio-8080-exec-1] INFO  o.s.web.servlet.DispatcherServlet - Initializing Servlet 'dispatcherServlet'
2022-06-20 17:44:23 [http-nio-8080-exec-1] INFO  o.s.web.servlet.DispatcherServlet - Completed initialization in 0 ms
2022-06-20 17:44:43 [main] INFO  u.s.security01.Security01Application - Starting Security01Application using Java 17.0.1 on DESKTOP-M4VVRA4 with PID 15848 (D:\Development\Devs\spring-security\security01\target\classes started by Jaxongir in D:\Development\Devs\spring-security\security01)
2022-06-20 17:44:43 [main] INFO  u.s.security01.Security01Application - No active profile set, falling back to 1 default profile: "default"
2022-06-20 17:44:43 [main] INFO  o.s.b.w.e.tomcat.TomcatWebServer - Tomcat initialized with port(s): 8080 (http)
2022-06-20 17:44:43 [main] INFO  o.a.coyote.http11.Http11NioProtocol - Initializing ProtocolHandler ["http-nio-8080"]
2022-06-20 17:44:43 [main] INFO  o.a.catalina.core.StandardService - Starting service [Tomcat]
2022-06-20 17:44:43 [main] INFO  o.a.catalina.core.StandardEngine - Starting Servlet engine: [Apache Tomcat/9.0.63]
2022-06-20 17:44:43 [main] INFO  o.a.c.c.C.[Tomcat].[localhost].[/] - Initializing Spring embedded WebApplicationContext
2022-06-20 17:44:43 [main] INFO  o.s.b.w.s.c.ServletWebServerApplicationContext - Root WebApplicationContext: initialization completed in 801 ms
2022-06-20 17:44:44 [main] INFO  o.s.s.web.DefaultSecurityFilterChain - Will secure any request with [org.springframework.security.web.session.DisableEncodeUrlFilter@17fede14, org.springframework.security.web.context.request.async.WebAsyncManagerIntegrationFilter@712ac7e6, org.springframework.security.web.context.SecurityContextPersistenceFilter@58aa10f4, org.springframework.security.web.header.HeaderWriterFilter@438c9aa7, org.springframework.security.web.authentication.logout.LogoutFilter@66223d94, org.springframework.security.web.authentication.UsernamePasswordAuthenticationFilter@161dd92a, org.springframework.security.web.savedrequest.RequestCacheAwareFilter@5e5beb8a, org.springframework.security.web.servletapi.SecurityContextHolderAwareRequestFilter@535b1ae6, org.springframework.security.web.authentication.AnonymousAuthenticationFilter@86d6bf7, org.springframework.security.web.session.SessionManagementFilter@6c8f60f3, org.springframework.security.web.access.ExceptionTranslationFilter@7a2ab862, org.springframework.security.web.access.intercept.FilterSecurityInterceptor@29f38091]
2022-06-20 17:44:44 [main] INFO  o.s.b.a.w.s.WelcomePageHandlerMapping - Adding welcome page: class path resource [static/index.html]
2022-06-20 17:44:45 [main] INFO  o.a.coyote.http11.Http11NioProtocol - Starting ProtocolHandler ["http-nio-8080"]
2022-06-20 17:44:45 [main] INFO  o.s.b.w.e.tomcat.TomcatWebServer - Tomcat started on port(s): 8080 (http) with context path ''
2022-06-20 17:44:45 [main] INFO  u.s.security01.Security01Application - Started Security01Application in 2.241 seconds (JVM running for 2.951)
2022-06-20 17:44:45 [http-nio-8080-exec-1] INFO  o.a.c.c.C.[Tomcat].[localhost].[/] - Initializing Spring DispatcherServlet 'dispatcherServlet'
2022-06-20 17:44:45 [http-nio-8080-exec-1] INFO  o.s.web.servlet.DispatcherServlet - Initializing Servlet 'dispatcherServlet'
2022-06-20 17:44:45 [http-nio-8080-exec-1] INFO  o.s.web.servlet.DispatcherServlet - Completed initialization in 1 ms
2022-06-20 17:45:20 [main] INFO  u.s.security01.Security01Application - Starting Security01Application using Java 17.0.1 on DESKTOP-M4VVRA4 with PID 7688 (D:\Development\Devs\spring-security\security01\target\classes started by Jaxongir in D:\Development\Devs\spring-security\security01)
2022-06-20 17:45:20 [main] INFO  u.s.security01.Security01Application - No active profile set, falling back to 1 default profile: "default"
2022-06-20 17:45:21 [main] INFO  o.s.b.w.e.tomcat.TomcatWebServer - Tomcat initialized with port(s): 8080 (http)
2022-06-20 17:45:21 [main] INFO  o.a.coyote.http11.Http11NioProtocol - Initializing ProtocolHandler ["http-nio-8080"]
2022-06-20 17:45:21 [main] INFO  o.a.catalina.core.StandardService - Starting service [Tomcat]
2022-06-20 17:45:21 [main] INFO  o.a.catalina.core.StandardEngine - Starting Servlet engine: [Apache Tomcat/9.0.63]
2022-06-20 17:45:21 [main] INFO  o.a.c.c.C.[Tomcat].[localhost].[/] - Initializing Spring embedded WebApplicationContext
2022-06-20 17:45:21 [main] INFO  o.s.b.w.s.c.ServletWebServerApplicationContext - Root WebApplicationContext: initialization completed in 773 ms
2022-06-20 17:45:22 [main] INFO  o.s.s.web.DefaultSecurityFilterChain - Will secure any request with [org.springframework.security.web.session.DisableEncodeUrlFilter@712ac7e6, org.springframework.security.web.context.request.async.WebAsyncManagerIntegrationFilter@86d6bf7, org.springframework.security.web.context.SecurityContextPersistenceFilter@4fb56bea, org.springframework.security.web.header.HeaderWriterFilter@3453acd2, org.springframework.security.web.authentication.logout.LogoutFilter@2bc7db89, org.springframework.security.web.authentication.UsernamePasswordAuthenticationFilter@77c3c037, org.springframework.security.web.savedrequest.RequestCacheAwareFilter@1f95881a, org.springframework.security.web.servletapi.SecurityContextHolderAwareRequestFilter@626c19cf, org.springframework.security.web.authentication.AnonymousAuthenticationFilter@2fbe26da, org.springframework.security.web.session.SessionManagementFilter@56c8e6f0, org.springframework.security.web.access.ExceptionTranslationFilter@33188612, org.springframework.security.web.access.intercept.FilterSecurityInterceptor@161dd92a]
2022-06-20 17:45:22 [main] INFO  o.s.b.a.w.s.WelcomePageHandlerMapping - Adding welcome page: class path resource [static/index.html]
2022-06-20 17:45:22 [main] INFO  o.a.coyote.http11.Http11NioProtocol - Starting ProtocolHandler ["http-nio-8080"]
2022-06-20 17:45:22 [main] INFO  o.s.b.w.e.tomcat.TomcatWebServer - Tomcat started on port(s): 8080 (http) with context path ''
2022-06-20 17:45:22 [main] INFO  u.s.security01.Security01Application - Started Security01Application in 2.098 seconds (JVM running for 2.746)
2022-06-20 17:45:23 [http-nio-8080-exec-1] INFO  o.a.c.c.C.[Tomcat].[localhost].[/] - Initializing Spring DispatcherServlet 'dispatcherServlet'
2022-06-20 17:45:23 [http-nio-8080-exec-1] INFO  o.s.web.servlet.DispatcherServlet - Initializing Servlet 'dispatcherServlet'
2022-06-20 17:45:23 [http-nio-8080-exec-1] INFO  o.s.web.servlet.DispatcherServlet - Completed initialization in 1 ms
2022-06-20 17:45:49 [main] INFO  u.s.security01.Security01Application - Starting Security01Application using Java 17.0.1 on DESKTOP-M4VVRA4 with PID 744 (D:\Development\Devs\spring-security\security01\target\classes started by Jaxongir in D:\Development\Devs\spring-security\security01)
2022-06-20 17:45:49 [main] INFO  u.s.security01.Security01Application - No active profile set, falling back to 1 default profile: "default"
2022-06-20 17:45:50 [main] INFO  o.s.b.w.e.tomcat.TomcatWebServer - Tomcat initialized with port(s): 8080 (http)
2022-06-20 17:45:50 [main] INFO  o.a.coyote.http11.Http11NioProtocol - Initializing ProtocolHandler ["http-nio-8080"]
2022-06-20 17:45:50 [main] INFO  o.a.catalina.core.StandardService - Starting service [Tomcat]
2022-06-20 17:45:50 [main] INFO  o.a.catalina.core.StandardEngine - Starting Servlet engine: [Apache Tomcat/9.0.63]
2022-06-20 17:45:50 [main] INFO  o.a.c.c.C.[Tomcat].[localhost].[/] - Initializing Spring embedded WebApplicationContext
2022-06-20 17:45:50 [main] INFO  o.s.b.w.s.c.ServletWebServerApplicationContext - Root WebApplicationContext: initialization completed in 857 ms
2022-06-20 17:45:51 [main] INFO  o.s.s.web.DefaultSecurityFilterChain - Will secure any request with [org.springframework.security.web.session.DisableEncodeUrlFilter@bf75b5c, org.springframework.security.web.context.request.async.WebAsyncManagerIntegrationFilter@16da476c, org.springframework.security.web.context.SecurityContextPersistenceFilter@2da99821, org.springframework.security.web.header.HeaderWriterFilter@626c19cf, org.springframework.security.web.authentication.logout.LogoutFilter@63f9b562, org.springframework.security.web.authentication.UsernamePasswordAuthenticationFilter@41d16cc3, org.springframework.security.web.savedrequest.RequestCacheAwareFilter@1b482cbf, org.springframework.security.web.servletapi.SecurityContextHolderAwareRequestFilter@76cf841, org.springframework.security.web.authentication.AnonymousAuthenticationFilter@2fd72332, org.springframework.security.web.session.SessionManagementFilter@66a53104, org.springframework.security.web.access.ExceptionTranslationFilter@723877dd, org.springframework.security.web.access.intercept.FilterSecurityInterceptor@9f86dc3]
2022-06-20 17:45:51 [main] INFO  o.s.b.a.w.s.WelcomePageHandlerMapping - Adding welcome page: class path resource [static/index.html]
2022-06-20 17:45:51 [main] INFO  o.a.coyote.http11.Http11NioProtocol - Starting ProtocolHandler ["http-nio-8080"]
2022-06-20 17:45:51 [main] INFO  o.s.b.w.e.tomcat.TomcatWebServer - Tomcat started on port(s): 8080 (http) with context path ''
2022-06-20 17:45:51 [main] INFO  u.s.security01.Security01Application - Started Security01Application in 2.303 seconds (JVM running for 3.108)
2022-06-20 17:45:54 [http-nio-8080-exec-1] INFO  o.a.c.c.C.[Tomcat].[localhost].[/] - Initializing Spring DispatcherServlet 'dispatcherServlet'
2022-06-20 17:45:54 [http-nio-8080-exec-1] INFO  o.s.web.servlet.DispatcherServlet - Initializing Servlet 'dispatcherServlet'
2022-06-20 17:45:54 [http-nio-8080-exec-1] INFO  o.s.web.servlet.DispatcherServlet - Completed initialization in 0 ms
2022-06-20 18:32:48 [main] INFO  u.s.security01.Security01Application - Starting Security01Application using Java 17.0.1 on DESKTOP-M4VVRA4 with PID 9828 (D:\Development\Devs\spring-security\security01\target\classes started by Jaxongir in D:\Development\Devs\spring-security\security01)
2022-06-20 18:32:48 [main] INFO  u.s.security01.Security01Application - No active profile set, falling back to 1 default profile: "default"
2022-06-20 18:32:49 [main] INFO  o.s.b.w.e.tomcat.TomcatWebServer - Tomcat initialized with port(s): 8080 (http)
2022-06-20 18:32:49 [main] INFO  o.a.coyote.http11.Http11NioProtocol - Initializing ProtocolHandler ["http-nio-8080"]
2022-06-20 18:32:49 [main] INFO  o.a.catalina.core.StandardService - Starting service [Tomcat]
2022-06-20 18:32:49 [main] INFO  o.a.catalina.core.StandardEngine - Starting Servlet engine: [Apache Tomcat/9.0.63]
2022-06-20 18:32:49 [main] INFO  o.a.c.c.C.[Tomcat].[localhost].[/] - Initializing Spring embedded WebApplicationContext
2022-06-20 18:32:49 [main] INFO  o.s.b.w.s.c.ServletWebServerApplicationContext - Root WebApplicationContext: initialization completed in 795 ms
2022-06-20 18:32:49 [main] INFO  o.s.s.web.DefaultSecurityFilterChain - Will secure any request with [org.springframework.security.web.session.DisableEncodeUrlFilter@712ac7e6, org.springframework.security.web.context.request.async.WebAsyncManagerIntegrationFilter@86d6bf7, org.springframework.security.web.context.SecurityContextPersistenceFilter@58aa10f4, org.springframework.security.web.header.HeaderWriterFilter@438c9aa7, org.springframework.security.web.authentication.logout.LogoutFilter@2bc7db89, org.springframework.security.web.authentication.UsernamePasswordAuthenticationFilter@77c3c037, org.springframework.security.web.authentication.ui.DefaultLoginPageGeneratingFilter@626c19cf, org.springframework.security.web.authentication.ui.DefaultLogoutPageGeneratingFilter@2fbe26da, org.springframework.security.web.savedrequest.RequestCacheAwareFilter@5e5beb8a, org.springframework.security.web.servletapi.SecurityContextHolderAwareRequestFilter@535b1ae6, org.springframework.security.web.authentication.AnonymousAuthenticationFilter@4ed15347, org.springframework.security.web.session.SessionManagementFilter@6c8f60f3, org.springframework.security.web.access.ExceptionTranslationFilter@7a2ab862, org.springframework.security.web.access.intercept.FilterSecurityInterceptor@161dd92a]
2022-06-20 18:32:49 [main] INFO  o.s.b.a.w.s.WelcomePageHandlerMapping - Adding welcome page: class path resource [static/index.html]
2022-06-20 18:32:50 [main] INFO  o.a.coyote.http11.Http11NioProtocol - Starting ProtocolHandler ["http-nio-8080"]
2022-06-20 18:32:50 [main] INFO  o.s.b.w.e.tomcat.TomcatWebServer - Tomcat started on port(s): 8080 (http) with context path ''
2022-06-20 18:32:50 [main] INFO  u.s.security01.Security01Application - Started Security01Application in 2.109 seconds (JVM running for 2.781)
2022-06-20 18:35:00 [http-nio-8080-exec-1] INFO  o.a.c.c.C.[Tomcat].[localhost].[/] - Initializing Spring DispatcherServlet 'dispatcherServlet'
2022-06-20 18:35:00 [http-nio-8080-exec-1] INFO  o.s.web.servlet.DispatcherServlet - Initializing Servlet 'dispatcherServlet'
2022-06-20 18:35:00 [http-nio-8080-exec-1] INFO  o.s.web.servlet.DispatcherServlet - Completed initialization in 0 ms
2022-06-20 19:52:33 [main] INFO  u.s.security01.Security01Application - Starting Security01Application using Java 17.0.1 on DESKTOP-M4VVRA4 with PID 16204 (D:\Development\Devs\spring-security\security01\target\classes started by Jaxongir in D:\Development\Devs\spring-security\security01)
2022-06-20 19:52:33 [main] INFO  u.s.security01.Security01Application - No active profile set, falling back to 1 default profile: "default"
2022-06-20 19:52:34 [main] INFO  o.s.b.w.e.tomcat.TomcatWebServer - Tomcat initialized with port(s): 8080 (http)
2022-06-20 19:52:34 [main] INFO  o.a.coyote.http11.Http11NioProtocol - Initializing ProtocolHandler ["http-nio-8080"]
2022-06-20 19:52:34 [main] INFO  o.a.catalina.core.StandardService - Starting service [Tomcat]
2022-06-20 19:52:34 [main] INFO  o.a.catalina.core.StandardEngine - Starting Servlet engine: [Apache Tomcat/9.0.63]
2022-06-20 19:52:34 [main] INFO  o.a.c.c.C.[Tomcat].[localhost].[/] - Initializing Spring embedded WebApplicationContext
2022-06-20 19:52:34 [main] INFO  o.s.b.w.s.c.ServletWebServerApplicationContext - Root WebApplicationContext: initialization completed in 841 ms
2022-06-20 19:52:34 [main] INFO  o.s.s.web.DefaultSecurityFilterChain - Will secure any request with [org.springframework.security.web.session.DisableEncodeUrlFilter@2e62ead7, org.springframework.security.web.context.request.async.WebAsyncManagerIntegrationFilter@3b98b809, org.springframework.security.web.context.SecurityContextPersistenceFilter@2da99821, org.springframework.security.web.header.HeaderWriterFilter@626c19cf, org.springframework.security.web.authentication.logout.LogoutFilter@20ead579, org.springframework.security.web.authentication.UsernamePasswordAuthenticationFilter@54e43bfe, org.springframework.security.web.authentication.ui.DefaultLoginPageGeneratingFilter@297c9a9b, org.springframework.security.web.authentication.ui.DefaultLogoutPageGeneratingFilter@bf75b5c, org.springframework.security.web.savedrequest.RequestCacheAwareFilter@1b482cbf, org.springframework.security.web.servletapi.SecurityContextHolderAwareRequestFilter@76cf841, org.springframework.security.web.authentication.AnonymousAuthenticationFilter@16da476c, org.springframework.security.web.session.SessionManagementFilter@66a53104, org.springframework.security.web.access.ExceptionTranslationFilter@723877dd, org.springframework.security.web.access.intercept.FilterSecurityInterceptor@ab24484]
2022-06-20 19:52:34 [main] INFO  o.s.b.a.w.s.WelcomePageHandlerMapping - Adding welcome page: class path resource [static/index.html]
2022-06-20 19:52:35 [main] INFO  o.a.coyote.http11.Http11NioProtocol - Starting ProtocolHandler ["http-nio-8080"]
2022-06-20 19:52:35 [main] INFO  o.s.b.w.e.tomcat.TomcatWebServer - Tomcat started on port(s): 8080 (http) with context path ''
2022-06-20 19:52:35 [main] INFO  u.s.security01.Security01Application - Started Security01Application in 2.219 seconds (JVM running for 3.022)
2022-06-20 19:52:41 [http-nio-8080-exec-1] INFO  o.a.c.c.C.[Tomcat].[localhost].[/] - Initializing Spring DispatcherServlet 'dispatcherServlet'
2022-06-20 19:52:41 [http-nio-8080-exec-1] INFO  o.s.web.servlet.DispatcherServlet - Initializing Servlet 'dispatcherServlet'
2022-06-20 19:52:41 [http-nio-8080-exec-1] INFO  o.s.web.servlet.DispatcherServlet - Completed initialization in 1 ms
2022-06-20 19:53:12 [main] INFO  u.s.security01.Security01Application - Starting Security01Application using Java 17.0.1 on DESKTOP-M4VVRA4 with PID 15740 (D:\Development\Devs\spring-security\security01\target\classes started by Jaxongir in D:\Development\Devs\spring-security\security01)
2022-06-20 19:53:12 [main] INFO  u.s.security01.Security01Application - No active profile set, falling back to 1 default profile: "default"
2022-06-20 19:53:12 [main] INFO  o.s.b.w.e.tomcat.TomcatWebServer - Tomcat initialized with port(s): 8080 (http)
2022-06-20 19:53:12 [main] INFO  o.a.coyote.http11.Http11NioProtocol - Initializing ProtocolHandler ["http-nio-8080"]
2022-06-20 19:53:12 [main] INFO  o.a.catalina.core.StandardService - Starting service [Tomcat]
2022-06-20 19:53:12 [main] INFO  o.a.catalina.core.StandardEngine - Starting Servlet engine: [Apache Tomcat/9.0.63]
2022-06-20 19:53:12 [main] INFO  o.a.c.c.C.[Tomcat].[localhost].[/] - Initializing Spring embedded WebApplicationContext
2022-06-20 19:53:12 [main] INFO  o.s.b.w.s.c.ServletWebServerApplicationContext - Root WebApplicationContext: initialization completed in 783 ms
2022-06-20 19:53:13 [main] INFO  o.s.s.web.DefaultSecurityFilterChain - Will secure any request with [org.springframework.security.web.session.DisableEncodeUrlFilter@41d16cc3, org.springframework.security.web.context.request.async.WebAsyncManagerIntegrationFilter@662e682a, org.springframework.security.web.context.SecurityContextPersistenceFilter@535b1ae6, org.springframework.security.web.header.HeaderWriterFilter@17b016ac, org.springframework.security.web.authentication.logout.LogoutFilter@7645f03e, org.springframework.security.web.authentication.UsernamePasswordAuthenticationFilter@ab24484, org.springframework.security.web.savedrequest.RequestCacheAwareFilter@54a2d96e, org.springframework.security.web.servletapi.SecurityContextHolderAwareRequestFilter@661fe025, org.springframework.security.web.authentication.AnonymousAuthenticationFilter@2e43c38d, org.springframework.security.web.session.SessionManagementFilter@723877dd, org.springframework.security.web.access.ExceptionTranslationFilter@58aa10f4, org.springframework.security.web.access.intercept.FilterSecurityInterceptor@6963b88c]
2022-06-20 19:53:13 [main] INFO  o.s.b.a.w.s.WelcomePageHandlerMapping - Adding welcome page: class path resource [static/index.html]
2022-06-20 19:53:14 [main] INFO  o.a.coyote.http11.Http11NioProtocol - Starting ProtocolHandler ["http-nio-8080"]
2022-06-20 19:53:14 [main] INFO  o.s.b.w.e.tomcat.TomcatWebServer - Tomcat started on port(s): 8080 (http) with context path ''
2022-06-20 19:53:14 [main] INFO  u.s.security01.Security01Application - Started Security01Application in 2.109 seconds (JVM running for 2.714)
